[18-Jun-2026 15:27:50 UTC] REQ ENDPOINT LOADED
[18-Jun-2026 15:27:50 UTC] MediCompare: load_cpts() fired
[18-Jun-2026 15:27:50 UTC] MC_LOGIN_DEBUG: Login handler triggered
[18-Jun-2026 15:27:50 UTC] MC_LOGIN_DEBUG: Not a POST request
[18-Jun-2026 15:27:50 UTC] REQ ENDPOINT LOADED
[18-Jun-2026 15:27:50 UTC] MediCompare: load_cpts() fired
[18-Jun-2026 15:27:50 UTC] MC_LOGIN_DEBUG: Login handler triggered
[18-Jun-2026 15:27:50 UTC] MC_LOGIN_DEBUG: Login nonce missing → not our form
[18-Jun-2026 15:27:51 UTC] REQ ENDPOINT LOADED
[18-Jun-2026 15:27:51 UTC] MediCompare: load_cpts() fired
[18-Jun-2026 15:27:51 UTC] MC_LOGIN_DEBUG: Login handler triggered
[18-Jun-2026 15:27:51 UTC] MC_LOGIN_DEBUG: Login nonce missing → not our form
[18-Jun-2026 15:27:52 UTC] REQ ENDPOINT LOADED
[18-Jun-2026 15:27:52 UTC] MediCompare: load_cpts() fired
[18-Jun-2026 15:27:52 UTC] MC_LOGIN_DEBUG: Login handler triggered
[18-Jun-2026 15:27:52 UTC] MC_LOGIN_DEBUG: Not a POST request
[18-Jun-2026 15:28:52 UTC] REQ ENDPOINT LOADED
[18-Jun-2026 15:28:52 UTC] MediCompare: load_cpts() fired
[18-Jun-2026 15:28:52 UTC] MC_LOGIN_DEBUG: Login handler triggered
[18-Jun-2026 15:28:52 UTC] MC_LOGIN_DEBUG: Login nonce missing → not our form
[18-Jun-2026 15:28:52 UTC] REQ ENDPOINT LOADED
[18-Jun-2026 15:28:52 UTC] MediCompare: load_cpts() fired
[18-Jun-2026 15:28:52 UTC] MC_LOGIN_DEBUG: Login handler triggered
[18-Jun-2026 15:28:52 UTC] MC_LOGIN_DEBUG: Login nonce missing → not our form
[18-Jun-2026 15:30:53 UTC] REQ ENDPOINT LOADED
[18-Jun-2026 15:30:53 UTC] MediCompare: load_cpts() fired
[18-Jun-2026 15:30:53 UTC] MC_LOGIN_DEBUG: Login handler triggered
[18-Jun-2026 15:30:53 UTC] MC_LOGIN_DEBUG: Login nonce missing → not our form
[18-Jun-2026 15:30:53 UTC] REQ ENDPOINT LOADED
[18-Jun-2026 15:30:53 UTC] MediCompare: load_cpts() fired
[18-Jun-2026 15:30:53 UTC] MC_LOGIN_DEBUG: Login handler triggered
[18-Jun-2026 15:30:53 UTC] MC_LOGIN_DEBUG: Login nonce missing → not our form
[18-Jun-2026 15:32:54 UTC] REQ ENDPOINT LOADED
[18-Jun-2026 15:32:54 UTC] MediCompare: load_cpts() fired
[18-Jun-2026 15:32:54 UTC] MC_LOGIN_DEBUG: Login handler triggered
[18-Jun-2026 15:32:54 UTC] MC_LOGIN_DEBUG: Login nonce missing → not our form
[18-Jun-2026 15:32:54 UTC] REQ ENDPOINT LOADED
[18-Jun-2026 15:32:54 UTC] MediCompare: load_cpts() fired
[18-Jun-2026 15:32:54 UTC] MC_LOGIN_DEBUG: Login handler triggered
[18-Jun-2026 15:32:54 UTC] MC_LOGIN_DEBUG: Login nonce missing → not our form
[18-Jun-2026 15:34:55 UTC] REQ ENDPOINT LOADED
[18-Jun-2026 15:34:55 UTC] MediCompare: load_cpts() fired
[18-Jun-2026 15:34:55 UTC] MC_LOGIN_DEBUG: Login handler triggered
[18-Jun-2026 15:34:55 UTC] MC_LOGIN_DEBUG: Login nonce missing → not our form
[18-Jun-2026 15:34:55 UTC] REQ ENDPOINT LOADED
[18-Jun-2026 15:34:55 UTC] MediCompare: load_cpts() fired
[18-Jun-2026 15:34:55 UTC] MC_LOGIN_DEBUG: Login handler triggered
[18-Jun-2026 15:34:55 UTC] MC_LOGIN_DEBUG: Login nonce missing → not our form
[18-Jun-2026 15:36:56 UTC] REQ ENDPOINT LOADED
[18-Jun-2026 15:36:56 UTC] MediCompare: load_cpts() fired
[18-Jun-2026 15:36:56 UTC] MC_LOGIN_DEBUG: Login handler triggered
[18-Jun-2026 15:36:56 UTC] MC_LOGIN_DEBUG: Login nonce missing → not our form
[18-Jun-2026 15:36:56 UTC] REQ ENDPOINT LOADED
[18-Jun-2026 15:36:56 UTC] MediCompare: load_cpts() fired
[18-Jun-2026 15:36:56 UTC] MC_LOGIN_DEBUG: Login handler triggered
[18-Jun-2026 15:36:56 UTC] MC_LOGIN_DEBUG: Login nonce missing → not our form
[18-Jun-2026 15:38:57 UTC] REQ ENDPOINT LOADED
[18-Jun-2026 15:38:57 UTC] MediCompare: load_cpts() fired
[18-Jun-2026 15:38:57 UTC] MC_LOGIN_DEBUG: Login handler triggered
[18-Jun-2026 15:38:57 UTC] MC_LOGIN_DEBUG: Login nonce missing → not our form
[18-Jun-2026 15:38:57 UTC] REQ ENDPOINT LOADED
[18-Jun-2026 15:38:57 UTC] MediCompare: load_cpts() fired
[18-Jun-2026 15:38:57 UTC] MC_LOGIN_DEBUG: Login handler triggered
[18-Jun-2026 15:38:57 UTC] MC_LOGIN_DEBUG: Login nonce missing → not our form
[18-Jun-2026 15:43:20 UTC] REQ ENDPOINT LOADED
[18-Jun-2026 15:43:20 UTC] MediCompare: load_cpts() fired
[18-Jun-2026 15:43:21 UTC] MC_LOGIN_DEBUG: Login handler triggered
[18-Jun-2026 15:43:21 UTC] MC_LOGIN_DEBUG: Not a POST request
[18-Jun-2026 15:43:21 UTC] REQ ENDPOINT LOADED
[18-Jun-2026 15:43:21 UTC] MediCompare: load_cpts() fired
[18-Jun-2026 15:43:21 UTC] MC_LOGIN_DEBUG: Login handler triggered
[18-Jun-2026 15:43:21 UTC] MC_LOGIN_DEBUG: Login nonce missing → not our form
[18-Jun-2026 15:43:33 UTC] REQ ENDPOINT LOADED
[18-Jun-2026 15:43:33 UTC] MediCompare: load_cpts() fired
[18-Jun-2026 15:43:33 UTC] MC_LOGIN_DEBUG: Login handler triggered
[18-Jun-2026 15:43:33 UTC] MC_LOGIN_DEBUG: Not a POST request
[18-Jun-2026 15:47:43 UTC] REQ ENDPOINT LOADED
[18-Jun-2026 15:47:43 UTC] MediCompare: load_cpts() fired
[18-Jun-2026 15:47:43 UTC] MC_LOGIN_DEBUG: Login handler triggered
[18-Jun-2026 15:47:43 UTC] MC_LOGIN_DEBUG: Login nonce missing → not our form
[18-Jun-2026 15:47:43 UTC] REQ ENDPOINT LOADED
[18-Jun-2026 15:47:43 UTC] MediCompare: load_cpts() fired
[18-Jun-2026 15:47:43 UTC] MC_LOGIN_DEBUG: Login handler triggered
[18-Jun-2026 15:47:43 UTC] MC_LOGIN_DEBUG: Login nonce missing → not our form
[18-Jun-2026 15:47:43 UTC] REQ ENDPOINT LOADED
[18-Jun-2026 15:47:43 UTC] MediCompare: load_cpts() fired
[18-Jun-2026 15:47:43 UTC] MC_LOGIN_DEBUG: Login handler triggered
[18-Jun-2026 15:47:43 UTC] MC_LOGIN_DEBUG: Not a POST request
[18-Jun-2026 16:48:46 UTC] REQ ENDPOINT LOADED
[18-Jun-2026 16:48:47 UTC] MediCompare: load_cpts() fired
[18-Jun-2026 16:48:48 UTC] MC_LOGIN_DEBUG: Login handler triggered
[18-Jun-2026 16:48:48 UTC] MC_LOGIN_DEBUG: Login nonce missing → not our form
[18-Jun-2026 16:48:48 UTC] REQ ENDPOINT LOADED
[18-Jun-2026 16:48:48 UTC] MediCompare: load_cpts() fired
[18-Jun-2026 16:48:49 UTC] MC_LOGIN_DEBUG: Login handler triggered
[18-Jun-2026 16:48:49 UTC] MC_LOGIN_DEBUG: Login nonce missing → not our form
[18-Jun-2026 16:50:47 UTC] REQ ENDPOINT LOADED
[18-Jun-2026 16:50:47 UTC] MediCompare: load_cpts() fired
[18-Jun-2026 16:50:47 UTC] MC_LOGIN_DEBUG: Login handler triggered
[18-Jun-2026 16:50:47 UTC] MC_LOGIN_DEBUG: Login nonce missing → not our form
[18-Jun-2026 16:50:47 UTC] REQ ENDPOINT LOADED
[18-Jun-2026 16:50:47 UTC] MediCompare: load_cpts() fired
[18-Jun-2026 16:50:47 UTC] MC_LOGIN_DEBUG: Login handler triggered
[18-Jun-2026 16:50:47 UTC] MC_LOGIN_DEBUG: Login nonce missing → not our form
[18-Jun-2026 16:52:48 UTC] REQ ENDPOINT LOADED
[18-Jun-2026 16:52:48 UTC] MediCompare: load_cpts() fired
[18-Jun-2026 16:52:48 UTC] MC_LOGIN_DEBUG: Login handler triggered
[18-Jun-2026 16:52:48 UTC] MC_LOGIN_DEBUG: Login nonce missing → not our form
[18-Jun-2026 16:52:48 UTC] REQ ENDPOINT LOADED
[18-Jun-2026 16:52:48 UTC] MediCompare: load_cpts() fired
[18-Jun-2026 16:52:48 UTC] MC_LOGIN_DEBUG: Login handler triggered
[18-Jun-2026 16:52:48 UTC] MC_LOGIN_DEBUG: Login nonce missing → not our form
[18-Jun-2026 16:54:49 UTC] REQ ENDPOINT LOADED
[18-Jun-2026 16:54:49 UTC] MediCompare: load_cpts() fired
[18-Jun-2026 16:54:49 UTC] MC_LOGIN_DEBUG: Login handler triggered
[18-Jun-2026 16:54:49 UTC] MC_LOGIN_DEBUG: Login nonce missing → not our form
[18-Jun-2026 16:54:49 UTC] REQ ENDPOINT LOADED
[18-Jun-2026 16:54:49 UTC] MediCompare: load_cpts() fired
[18-Jun-2026 16:54:49 UTC] MC_LOGIN_DEBUG: Login handler triggered
[18-Jun-2026 16:54:49 UTC] MC_LOGIN_DEBUG: Login nonce missing → not our form
[18-Jun-2026 16:55:10 UTC] REQ ENDPOINT LOADED
[18-Jun-2026 16:55:10 UTC] MediCompare: load_cpts() fired
[18-Jun-2026 16:55:10 UTC] MC_LOGIN_DEBUG: Login handler triggered
[18-Jun-2026 16:55:10 UTC] MC_LOGIN_DEBUG: Login nonce missing → not our form
[18-Jun-2026 16:55:10 UTC] REQ ENDPOINT LOADED
[18-Jun-2026 16:55:10 UTC] MediCompare: load_cpts() fired
[18-Jun-2026 16:55:10 UTC] MC_LOGIN_DEBUG: Login handler triggered
[18-Jun-2026 16:55:10 UTC] MC_LOGIN_DEBUG: Login nonce missing → not our form
[18-Jun-2026 16:56:09 UTC] REQ ENDPOINT LOADED
[18-Jun-2026 16:56:09 UTC] MediCompare: load_cpts() fired
[18-Jun-2026 16:56:09 UTC] MC_LOGIN_DEBUG: Login handler triggered
[18-Jun-2026 16:56:09 UTC] MC_LOGIN_DEBUG: Login nonce missing → not our form
[18-Jun-2026 16:56:10 UTC] REQ ENDPOINT LOADED
[18-Jun-2026 16:56:10 UTC] MediCompare: load_cpts() fired
[18-Jun-2026 16:56:10 UTC] MC_LOGIN_DEBUG: Login handler triggered
[18-Jun-2026 16:56:10 UTC] MC_LOGIN_DEBUG: Login nonce missing → not our form
[18-Jun-2026 16:56:12 UTC] REQ ENDPOINT LOADED
[18-Jun-2026 16:56:12 UTC] MediCompare: load_cpts() fired
[18-Jun-2026 16:56:12 UTC] MC_LOGIN_DEBUG: Login handler triggered
[18-Jun-2026 16:56:12 UTC] MC_LOGIN_DEBUG: Not a POST request
[18-Jun-2026 16:56:12 UTC] REQ ENDPOINT LOADED
[18-Jun-2026 16:56:12 UTC] MediCompare: load_cpts() fired
[18-Jun-2026 16:56:12 UTC] MC_LOGIN_DEBUG: Login handler triggered
[18-Jun-2026 16:56:12 UTC] MC_LOGIN_DEBUG: Not a POST request
